[2025-09-18 08:26:51] 
[2025-09-18 08:26:51] > db:migrate
[2025-09-18 08:26:51] > cross-env NODE_OPTIONS='--import tsx' drizzle-kit migrate
[2025-09-18 08:26:51] 
[2025-09-18 08:26:52] No config path provided, using default 'drizzle.config.ts'
[2025-09-18 08:26:52] Reading config file '/app/drizzle.config.ts'
[2025-09-18 08:26:52] Using 'postgres' driver for database querying
[2025-09-18 08:26:52] [⣷] applying migrations...
[2025-09-18 08:39:42] 
[2025-09-18 08:39:42] > db:migrate
[2025-09-18 08:39:42] > cross-env NODE_OPTIONS='--import tsx' drizzle-kit migrate
[2025-09-18 08:39:42] 
[2025-09-18 08:39:43] No config path provided, using default 'drizzle.config.ts'
[2025-09-18 08:39:43] Reading config file '/app/drizzle.config.ts'
[2025-09-18 08:39:43] Using 'postgres' driver for database querying
[2025-09-18 08:39:43] [⣷] applying migrations...
[2025-09-18 09:37:22] 
[2025-09-18 09:37:22] > db:migrate
[2025-09-18 09:37:22] > cross-env NODE_OPTIONS='--import tsx' drizzle-kit migrate
[2025-09-18 09:37:22] 
[2025-09-18 09:37:23] No config path provided, using default 'drizzle.config.ts'
[2025-09-18 09:37:23] Reading config file '/app/drizzle.config.ts'
[2025-09-18 09:37:23] Using 'postgres' driver for database querying
[2025-09-18 09:37:24] [⣷] applying migrations...
[2025-09-19 03:37:05] 
[2025-09-19 03:37:05] > db:migrate
[2025-09-19 03:37:05] > cross-env NODE_OPTIONS='--import tsx' drizzle-kit migrate
[2025-09-19 03:37:05] 
[2025-09-19 03:37:06] No config path provided, using default 'drizzle.config.ts'
[2025-09-19 03:37:06] Reading config file '/app/drizzle.config.ts'
[2025-09-19 03:37:06] Using 'postgres' driver for database querying
[2025-09-19 03:37:06] [⣷] applying migrations...
[2025-09-19 03:43:01] 
[2025-09-19 03:43:01] > db:migrate
[2025-09-19 03:43:01] > cross-env NODE_OPTIONS='--import tsx' drizzle-kit migrate
[2025-09-19 03:43:01] 
[2025-09-19 03:43:02] No config path provided, using default 'drizzle.config.ts'
[2025-09-19 03:43:02] Reading config file '/app/drizzle.config.ts'
[2025-09-19 03:43:02] Using 'postgres' driver for database querying
[2025-09-19 03:43:02] [⣷] applying migrations...
[2025-09-19 08:33:18] 
[2025-09-19 08:33:18] > db:migrate
[2025-09-19 08:33:18] > cross-env NODE_OPTIONS='--import tsx' drizzle-kit migrate
[2025-09-19 08:33:18] 
[2025-09-19 08:33:19] No config path provided, using default 'drizzle.config.ts'
[2025-09-19 08:33:19] Reading config file '/app/drizzle.config.ts'
[2025-09-19 08:33:20] Using 'postgres' driver for database querying
[2025-09-19 08:33:20] [⣷] applying migrations...
[2025-09-19 08:36:02] 
[2025-09-19 08:36:02] > db:migrate
[2025-09-19 08:36:02] > cross-env NODE_OPTIONS='--import tsx' drizzle-kit migrate
[2025-09-19 08:36:02] 
[2025-09-19 08:36:03] No config path provided, using default 'drizzle.config.ts'
[2025-09-19 08:36:03] Reading config file '/app/drizzle.config.ts'
[2025-09-19 08:36:03] Using 'postgres' driver for database querying
[2025-09-19 08:36:03] [⣷] applying migrations...
[2025-09-19 08:44:50] 
[2025-09-19 08:44:50] > db:migrate
[2025-09-19 08:44:50] > cross-env NODE_OPTIONS='--import tsx' drizzle-kit migrate
[2025-09-19 08:44:50] 
[2025-09-19 08:44:51] No config path provided, using default 'drizzle.config.ts'
[2025-09-19 08:44:51] Reading config file '/app/drizzle.config.ts'
[2025-09-19 08:44:52] Using 'postgres' driver for database querying
[2025-09-19 08:44:52] [⣷] applying migrations...
[2025-09-19 08:50:38] 
[2025-09-19 08:50:38] > db:migrate
[2025-09-19 08:50:38] > cross-env NODE_OPTIONS='--import tsx' drizzle-kit migrate
[2025-09-19 08:50:38] 
[2025-09-19 08:50:39] No config path provided, using default 'drizzle.config.ts'
[2025-09-19 08:50:39] Reading config file '/app/drizzle.config.ts'
[2025-09-19 08:50:39] Using 'postgres' driver for database querying
[2025-09-19 08:50:39] [⣷] applying migrations...{
[2025-09-19 08:50:39]   severity_local: 'NOTICE',
[2025-09-19 08:50:39]   severity: 'NOTICE',
[2025-09-19 08:50:39]   code: '42P06',
[2025-09-19 08:50:39]   message: 'schema "drizzle" already exists, skipping',
[2025-09-19 08:50:39]   file: 'schemacmds.c',
[2025-09-19 08:50:39]   line: '132',
[2025-09-19 08:50:39]   routine: 'CreateSchemaCommand'
[2025-09-19 08:50:39] }
[2025-09-19 08:50:39] {
[2025-09-19 08:50:39]   severity_local: 'NOTICE',
[2025-09-19 08:50:39]   severity: 'NOTICE',
[2025-09-19 08:50:39]   code: '42P07',
[2025-09-19 08:50:39]   message: 'relation "__drizzle_migrations" already exists, skipping',
[2025-09-19 08:50:39]   file: 'parse_utilcmd.c',
[2025-09-19 08:50:39]   line: '207',
[2025-09-19 08:50:39]   routine: 'transformCreateStmt'
[2025-09-19 08:50:39] }
[2025-09-19 08:58:27] 
[2025-09-19 08:58:27] > db:migrate
[2025-09-19 08:58:27] > cross-env NODE_OPTIONS='--import tsx' drizzle-kit migrate
[2025-09-19 08:58:27] 
[2025-09-19 08:58:28] No config path provided, using default 'drizzle.config.ts'
[2025-09-19 08:58:28] Reading config file '/app/drizzle.config.ts'
[2025-09-19 08:58:29] Using 'postgres' driver for database querying
[2025-09-19 08:58:29] [⣷] applying migrations...{
[2025-09-19 08:58:29]   severity_local: 'NOTICE',
[2025-09-19 08:58:29]   severity: 'NOTICE',
[2025-09-19 08:58:29]   code: '42P06',
[2025-09-19 08:58:29]   message: 'schema "drizzle" already exists, skipping',
[2025-09-19 08:58:29]   file: 'schemacmds.c',
[2025-09-19 08:58:29]   line: '132',
[2025-09-19 08:58:29]   routine: 'CreateSchemaCommand'
[2025-09-19 08:58:29] }
[2025-09-19 08:58:29] {
[2025-09-19 08:58:29]   severity_local: 'NOTICE',
[2025-09-19 08:58:29]   severity: 'NOTICE',
[2025-09-19 08:58:29]   code: '42P07',
[2025-09-19 08:58:29]   message: 'relation "__drizzle_migrations" already exists, skipping',
[2025-09-19 08:58:29]   file: 'parse_utilcmd.c',
[2025-09-19 08:58:29]   line: '207',
[2025-09-19 08:58:29]   routine: 'transformCreateStmt'
[2025-09-19 08:58:29] }
[2025-09-22 07:31:58] 
[2025-09-22 07:31:58] > db:migrate
[2025-09-22 07:31:58] > cross-env NODE_OPTIONS='--import tsx' drizzle-kit migrate
[2025-09-22 07:31:58] 
[2025-09-22 07:31:59] No config path provided, using default 'drizzle.config.ts'
[2025-09-22 07:31:59] Reading config file '/app/drizzle.config.ts'
[2025-09-22 07:31:59] Using 'postgres' driver for database querying
[2025-09-22 07:31:59] [⣷] applying migrations...{
[2025-09-22 07:31:59]   severity_local: 'NOTICE',
[2025-09-22 07:31:59]   severity: 'NOTICE',
[2025-09-22 07:31:59]   code: '42P06',
[2025-09-22 07:31:59]   message: 'schema "drizzle" already exists, skipping',
[2025-09-22 07:31:59]   file: 'schemacmds.c',
[2025-09-22 07:31:59]   line: '132',
[2025-09-22 07:31:59]   routine: 'CreateSchemaCommand'
[2025-09-22 07:31:59] }
[2025-09-22 07:31:59] {
[2025-09-22 07:31:59]   severity_local: 'NOTICE',
[2025-09-22 07:31:59]   severity: 'NOTICE',
[2025-09-22 07:31:59]   code: '42P07',
[2025-09-22 07:31:59]   message: 'relation "__drizzle_migrations" already exists, skipping',
[2025-09-22 07:31:59]   file: 'parse_utilcmd.c',
[2025-09-22 07:31:59]   line: '207',
[2025-09-22 07:31:59]   routine: 'transformCreateStmt'
[2025-09-22 07:31:59] }
